SF:lib/web/features/auth/screens/web_email_verifed.dart
DA:12,1
DA:14,0
DA:15,0
DA:20,0
DA:22,0
DA:23,0
DA:24,0
DA:25,0
DA:30,0
DA:32,0
DA:37,9
DA:39,0
DA:41,0
DA:42,0
DA:44,0
DA:45,0
DA:49,0
DA:50,0
DA:52,0
DA:53,0
DA:58,0
DA:59,0
DA:60,0
DA:61,0
DA:62,0
DA:63,0
DA:70,0
DA:71,0
DA:73,0
DA:80,0
DA:82,0
DA:83,0
DA:84,0
DA:86,0
DA:87,0
DA:88,0
DA:89,0
LF:37
LH:2
end_of_record
SF:lib/constants/global_variables.dart
DA:34,0
DA:42,0
DA:44,0
DA:47,0
DA:48,0
DA:49,0
DA:50,0
DA:52,0
DA:54,0
DA:61,0
DA:62,0
DA:63,0
DA:69,0
DA:70,0
DA:76,0
DA:77,0
DA:83,0
DA:84,0
DA:90,0
DA:91,0
DA:98,0
DA:99,0
DA:100,0
DA:106,0
DA:107,0
DA:113,0
DA:114,0
DA:120,0
DA:121,0
DA:127,0
DA:128,0
DA:136,0
DA:137,0
DA:143,0
DA:145,0
LF:35
LH:0
end_of_record
SF:lib/mobile/providers/role_provider.dart
DA:11,0
DA:13,0
DA:14,0
DA:15,0
DA:16,0
DA:18,0
DA:20,0
DA:21,0
DA:22,0
DA:23,0
DA:25,0
DA:28,0
DA:29,0
DA:30,0
DA:31,0
DA:33,0
DA:36,0
DA:37,0
DA:38,0
DA:41,0
DA:42,0
DA:43,0
DA:46,0
DA:47,0
DA:48,0
DA:49,0
LF:26
LH:0
end_of_record
SF:lib/mobile/features/auth/screens/email_verification_screen.dart
DA:14,9
DA:16,1
DA:18,1
DA:48,0
DA:49,0
DA:52,1
DA:54,3
DA:55,3
DA:56,1
DA:59,1
DA:61,1
DA:63,5
DA:66,1
DA:67,1
DA:70,1
DA:71,1
DA:72,1
DA:73,1
DA:74,1
DA:75,1
DA:77,1
DA:78,1
DA:79,1
DA:81,1
DA:84,1
DA:87,1
DA:88,1
DA:90,1
DA:92,1
DA:95,1
DA:98,1
DA:99,1
DA:101,1
DA:103,1
DA:104,1
DA:108,1
DA:109,1
DA:111,1
DA:115,1
DA:116,1
DA:118,1
DA:122,1
DA:123,1
DA:125,1
DA:129,1
DA:130,1
DA:132,1
DA:136,1
DA:137,1
DA:139,1
DA:143,1
DA:144,1
DA:148,1
DA:149,1
DA:151,1
DA:152,0
DA:154,0
DA:157,0
DA:160,1
DA:161,1
DA:163,1
DA:164,1
DA:166,1
DA:168,1
DA:170,1
DA:173,1
DA:176,0
DA:177,0
DA:178,0
DA:179,0
DA:180,0
DA:181,0
DA:182,0
DA:183,0
DA:184,0
DA:185,0
DA:186,0
DA:187,0
DA:194,1
DA:195,1
DA:197,1
DA:199,1
DA:200,1
DA:202,1
DA:203,1
DA:211,1
DA:213,1
DA:214,2
DA:217,1
DA:219,1
DA:220,1
DA:228,1
DA:229,1
DA:231,1
DA:232,1
DA:233,1
DA:234,1
LF:97
LH:80
end_of_record
SF:lib/mobile/features/auth/screens/email_verified_screen.dart
DA:11,9
DA:12,0
DA:13,0
DA:18,0
DA:20,0
DA:21,0
DA:22,0
DA:23,0
DA:28,0
DA:30,0
DA:31,0
DA:32,0
DA:37,9
DA:39,1
DA:41,3
DA:42,3
DA:43,1
DA:44,1
DA:45,1
DA:47,5
DA:51,1
DA:52,1
DA:53,1
DA:54,1
DA:55,1
DA:56,1
DA:58,1
DA:60,1
DA:61,1
DA:62,1
DA:63,1
DA:66,1
DA:71,1
DA:72,1
DA:74,1
DA:76,1
DA:79,1
DA:82,1
DA:83,1
DA:85,1
DA:87,1
DA:90,1
DA:93,1
DA:94,1
DA:96,1
DA:97,1
DA:98,1
DA:99,1
LF:48
LH:37
end_of_record
SF:lib/mobile/features/auth/screens/mobile_login_screen.dart
DA:17,3
DA:19,3
DA:20,3
DA:40,1
DA:41,2
DA:42,2
DA:46,1
DA:47,3
DA:48,3
DA:50,0
DA:51,0
DA:52,0
DA:55,0
DA:56,0
DA:57,0
DA:58,0
DA:62,2
DA:63,1
DA:67,3
DA:69,9
DA:70,9
DA:71,3
DA:72,3
DA:74,3
DA:76,15
DA:79,3
DA:87,3
DA:88,3
DA:90,3
DA:91,3
DA:92,3
DA:93,3
DA:94,3
DA:95,3
DA:97,3
DA:98,3
DA:99,3
DA:100,3
DA:103,3
DA:105,3
DA:106,3
DA:111,3
DA:113,3
DA:114,3
DA:119,3
DA:120,3
DA:122,3
DA:123,3
DA:124,3
DA:125,3
DA:126,3
DA:127,3
DA:128,3
DA:130,6
DA:131,0
DA:134,0
DA:135,0
DA:141,3
DA:142,3
DA:144,3
DA:145,3
DA:147,3
DA:149,3
DA:151,3
DA:152,3
DA:157,3
DA:160,3
DA:161,3
DA:163,3
DA:165,3
DA:166,3
DA:168,3
DA:169,3
DA:177,3
DA:179,0
DA:180,0
DA:182,0
DA:183,0
DA:185,3
DA:187,3
DA:188,3
DA:196,3
DA:197,3
DA:199,3
DA:200,3
DA:201,3
DA:202,3
DA:207,3
DA:208,3
LF:89
LH:75
end_of_record
SF:lib/mobile/features/auth/widgets/text_field_otp.dart
DA:12,1
DA:21,1
DA:23,2
DA:24,3
DA:25,1
DA:28,1
DA:30,1
DA:31,1
DA:32,1
DA:34,0
DA:35,0
DA:36,0
DA:38,0
DA:39,0
DA:45,1
DA:48,1
DA:51,1
DA:53,1
DA:54,1
DA:56,1
DA:58,1
DA:59,1
DA:61,1
DA:66,1
DA:67,2
LF:25
LH:20
end_of_record
SF:lib/mobile/providers/mobile_auth_provider.dart
DA:42,0
DA:57,0
DA:66,0
DA:69,0
DA:71,0
DA:72,0
DA:73,0
DA:74,0
DA:75,0
DA:76,0
DA:78,0
DA:81,0
DA:88,0
DA:90,0
DA:94,0
DA:95,0
DA:96,0
DA:97,0
DA:98,0
DA:99,0
DA:104,0
DA:108,0
DA:113,0
DA:114,0
DA:115,0
DA:116,0
DA:117,0
DA:118,0
DA:120,0
DA:123,0
DA:125,0
DA:126,0
DA:127,0
DA:128,0
LF:34
LH:0
end_of_record
SF:lib/mobile/reusalbe_mobile_widgets/custom_button.dart
DA:10,3
DA:15,3
DA:17,3
DA:19,3
DA:20,3
DA:21,3
DA:23,3
DA:24,9
DA:25,12
DA:28,2
DA:29,4
DA:31,3
LF:12
LH:12
end_of_record
SF:lib/mobile/reusalbe_mobile_widgets/mobile_appbar.dart
DA:6,48
DA:8,4
DA:10,12
DA:11,4
DA:15,4
DA:16,4
DA:17,4
LF:7
LH:7
end_of_record
SF:lib/mobile/reusalbe_mobile_widgets/mobile_footer.dart
DA:7,48
DA:9,4
DA:11,12
DA:12,12
DA:13,4
DA:15,4
DA:17,4
DA:18,4
DA:19,4
DA:20,4
DA:21,4
DA:22,4
DA:24,4
DA:26,4
DA:27,4
DA:29,4
DA:30,4
DA:35,4
DA:37,4
DA:38,4
DA:46,4
DA:48,4
DA:49,4
DA:53,4
DA:54,4
LF:25
LH:25
end_of_record
SF:lib/mobile/features/onboarding/screens/welcome_screen.dart
DA:6,8
DA:7,0
DA:9,0
DA:10,0
DA:12,0
DA:13,0
DA:14,0
DA:16,0
DA:18,0
DA:19,0
DA:21,0
DA:22,0
DA:26,0
DA:28,0
DA:30,0
DA:31,0
DA:34,0
DA:35,0
DA:37,0
DA:38,0
DA:42,0
DA:44,0
DA:45,0
DA:55,0
DA:56,0
DA:57,0
DA:58,0
DA:59,0
DA:60,0
DA:61,0
DA:63,0
DA:66,0
DA:67,0
DA:70,0
DA:71,0
DA:73,0
DA:74,0
DA:81,0
DA:83,0
DA:84,0
DA:85,0
DA:87,0
DA:88,0
LF:43
LH:1
end_of_record
SF:lib/mobile/features/auth/screens/mobile_signup_screen.dart
DA:19,10
DA:21,1
DA:22,1
DA:44,1
DA:46,2
DA:47,2
DA:48,2
DA:49,2
DA:50,2
DA:51,2
DA:52,2
DA:54,2
DA:55,2
DA:56,2
DA:57,2
DA:58,2
DA:59,2
DA:60,1
DA:80,0
DA:81,0
DA:82,0
DA:83,0
DA:84,0
DA:85,0
DA:86,0
DA:90,0
DA:92,0
DA:96,0
DA:97,0
DA:98,0
DA:101,1
DA:102,3
DA:103,3
DA:105,0
DA:106,0
DA:107,0
DA:109,0
DA:110,0
DA:111,0
DA:112,0
DA:113,0
DA:114,0
DA:115,0
DA:116,0
DA:117,0
DA:118,0
DA:121,0
DA:122,0
DA:123,0
DA:124,0
DA:126,2
DA:127,1
DA:131,1
DA:132,2
DA:133,2
DA:137,1
DA:139,3
DA:140,3
DA:141,1
DA:142,1
DA:144,1
DA:146,5
DA:149,1
DA:157,1
DA:158,1
DA:159,1
DA:161,1
DA:162,1
DA:163,1
DA:164,1
DA:165,1
DA:166,1
DA:168,1
DA:169,1
DA:170,1
DA:172,1
DA:173,1
DA:178,1
DA:180,1
DA:181,1
DA:186,1
DA:187,1
DA:189,1
DA:190,1
DA:191,1
DA:192,1
DA:193,1
DA:195,1
DA:196,1
DA:197,1
DA:203,1
DA:206,1
DA:207,1
DA:209,1
DA:210,1
DA:215,1
DA:216,1
DA:220,1
DA:221,1
DA:222,1
DA:224,1
DA:226,1
DA:230,1
DA:231,1
DA:235,1
DA:238,1
DA:239,1
DA:240,1
DA:243,2
DA:244,1
DA:248,0
DA:251,0
DA:252,0
DA:253,0
DA:255,1
DA:256,1
DA:258,1
DA:260,1
DA:261,1
DA:262,1
DA:263,1
DA:269,1
DA:272,1
DA:273,1
DA:275,1
DA:276,1
DA:281,1
DA:282,1
DA:286,1
DA:287,1
DA:288,1
DA:290,1
DA:292,1
DA:296,1
DA:297,1
DA:301,1
DA:304,1
DA:305,1
DA:306,1
DA:308,2
DA:309,1
DA:312,0
DA:315,0
DA:316,0
DA:317,0
DA:319,1
DA:320,1
DA:322,1
DA:324,1
DA:325,1
DA:326,1
DA:327,1
DA:333,1
DA:336,1
DA:337,1
DA:339,1
DA:340,1
DA:345,1
DA:346,1
DA:350,1
DA:351,1
DA:352,1
DA:354,1
DA:356,1
DA:360,1
DA:362,1
DA:363,1
DA:365,1
DA:368,1
DA:369,1
DA:373,1
DA:376,1
DA:377,1
DA:378,1
DA:380,2
DA:381,1
DA:384,0
DA:387,0
DA:388,0
DA:389,0
DA:391,1
DA:392,1
DA:394,1
DA:396,1
DA:397,1
DA:398,1
DA:399,1
DA:405,1
DA:408,1
DA:409,1
DA:411,1
DA:412,1
DA:417,1
DA:418,1
DA:422,1
DA:423,1
DA:424,1
DA:426,1
DA:428,1
DA:432,1
DA:433,1
DA:437,1
DA:440,1
DA:441,1
DA:442,1
DA:445,0
DA:448,0
DA:449,0
DA:451,1
DA:452,1
DA:454,1
DA:455,1
DA:456,1
DA:457,1
DA:458,1
DA:459,1
DA:461,1
DA:462,1
DA:466,1
DA:468,1
DA:471,3
DA:472,1
DA:475,1
DA:476,1
DA:477,1
DA:478,2
DA:479,1
DA:482,1
DA:484,1
DA:487,1
DA:491,1
DA:494,1
DA:498,1
DA:499,1
DA:501,1
DA:503,1
DA:504,1
DA:505,1
DA:506,1
DA:512,1
DA:515,1
DA:516,1
DA:518,1
DA:519,1
DA:524,1
DA:525,1
DA:529,1
DA:530,1
DA:531,1
DA:533,1
DA:535,1
DA:559,1
DA:560,1
DA:564,1
DA:567,1
DA:568,1
DA:569,1
DA:571,2
DA:572,1
DA:574,0
DA:577,0
DA:580,0
DA:581,0
DA:582,0
DA:584,1
DA:585,1
DA:587,1
DA:589,1
DA:590,1
DA:591,1
DA:592,1
DA:598,1
DA:601,1
DA:602,1
DA:604,1
DA:605,1
DA:610,1
DA:611,1
DA:615,1
DA:616,1
DA:617,1
DA:619,1
DA:621,1
DA:625,1
DA:626,1
DA:630,1
DA:633,1
DA:634,1
DA:635,1
DA:637,2
DA:638,1
DA:641,1
DA:644,0
DA:645,0
DA:646,0
DA:648,1
DA:649,1
DA:651,1
DA:653,1
DA:654,1
DA:655,1
DA:660,1
DA:661,1
DA:664,1
DA:665,1
DA:667,1
DA:668,1
DA:673,1
DA:674,1
DA:678,1
DA:679,1
DA:680,1
DA:682,2
DA:683,1
DA:686,1
DA:687,1
DA:688,1
DA:692,1
DA:695,1
DA:699,1
DA:701,1
DA:706,1
DA:707,1
DA:708,2
DA:709,1
DA:712,0
DA:713,0
DA:714,1
DA:715,1
DA:716,1
DA:718,2
DA:719,1
DA:722,1
DA:726,2
DA:727,1
DA:730,1
DA:731,1
DA:736,0
DA:737,0
DA:742,1
DA:743,1
DA:745,1
DA:747,1
DA:748,1
DA:755,1
DA:756,1
DA:758,1
DA:760,1
DA:762,1
DA:763,1
DA:768,1
DA:771,1
DA:772,1
DA:774,1
DA:776,1
DA:777,1
DA:779,1
DA:780,1
DA:788,1
DA:790,1
DA:791,2
DA:793,1
DA:794,1
DA:795,1
DA:796,1
DA:797,1
DA:798,1
DA:799,1
DA:801,1
DA:803,1
DA:804,1
DA:812,1
DA:813,1
DA:815,1
DA:816,1
DA:817,1
DA:818,1
DA:826,1
DA:827,1
LF:379
LH:323
end_of_record
SF:lib/mobile/features/auth/widgets/mobile_login_form.dart
DA:14,3
DA:24,3
DA:25,3
DA:34,3
DA:36,9
DA:37,9
DA:38,3
DA:39,3
DA:40,6
DA:41,3
DA:42,3
DA:43,3
DA:45,6
DA:46,3
DA:47,3
DA:48,3
DA:51,3
DA:54,3
DA:55,3
DA:57,3
DA:58,3
DA:62,3
DA:63,3
DA:67,3
DA:68,3
DA:69,3
DA:71,3
DA:73,3
DA:74,3
DA:78,3
DA:79,3
DA:81,3
DA:84,1
DA:85,1
DA:86,1
DA:88,2
DA:89,1
DA:92,1
DA:96,0
DA:97,0
DA:99,3
DA:100,3
DA:102,3
DA:104,6
DA:105,3
DA:107,3
DA:108,3
DA:111,6
DA:112,3
DA:115,3
DA:116,3
DA:118,3
DA:119,3
DA:123,3
DA:124,3
DA:128,3
DA:129,3
DA:130,3
DA:132,6
DA:133,1
DA:135,2
DA:136,1
DA:137,2
DA:141,1
DA:142,1
DA:146,3
DA:148,3
DA:149,3
DA:154,6
DA:155,1
DA:156,2
DA:157,1
DA:160,0
DA:161,1
DA:162,1
DA:163,1
DA:165,2
DA:166,1
DA:169,1
LF:79
LH:76
end_of_record
SF:lib/mobile/features/home/screens/mobile_home_screen.dart
DA:9,8
DA:11,0
DA:13,0
DA:14,0
DA:17,0
DA:18,0
DA:24,0
DA:25,0
DA:26,0
LF:9
LH:1
end_of_record
SF:lib/mobile/features/onboarding/screens/first_question_screen.dart
DA:19,0
DA:21,0
DA:22,0
DA:29,0
DA:31,0
DA:33,0
DA:34,0
DA:35,0
DA:36,0
DA:37,0
DA:38,0
DA:39,0
DA:40,0
DA:41,0
DA:45,0
DA:47,0
DA:50,0
DA:52,0
DA:54,0
DA:62,0
DA:63,0
DA:64,0
DA:65,0
DA:66,0
DA:67,0
DA:71,0
DA:73,0
DA:81,0
DA:82,0
DA:83,0
DA:84,0
DA:88,0
DA:89,0
DA:90,0
DA:91,0
DA:92,0
DA:93,0
DA:94,0
DA:95,0
DA:96,0
DA:98,0
DA:99,0
DA:100,0
DA:106,0
DA:107,0
DA:109,0
DA:110,0
DA:111,0
DA:112,0
DA:113,0
DA:116,0
DA:122,0
DA:123,0
DA:124,0
DA:126,0
DA:127,0
LF:56
LH:0
end_of_record
SF:lib/mobile/features/onboarding/widgets/form_button.dart
DA:11,0
DA:21,0
DA:23,0
DA:24,0
DA:25,0
DA:26,0
DA:27,0
DA:28,0
DA:29,0
DA:30,0
DA:31,0
DA:33,0
DA:35,0
DA:36,0
DA:39,0
DA:40,0
DA:41,0
LF:17
LH:0
end_of_record
SF:lib/mobile/providers/answer_provider.dart
DA:6,0
DA:7,0
DA:8,0
DA:10,0
DA:11,0
DA:12,0
DA:15,0
DA:16,0
DA:17,0
DA:20,0
DA:21,0
DA:22,0
LF:12
LH:0
end_of_record
SF:lib/mobile/providers/error_message_provider.dart
DA:7,0
DA:8,0
DA:9,0
DA:10,0
DA:11,0
DA:12,0
DA:13,0
DA:14,0
DA:17,0
DA:18,0
DA:19,0
DA:20,0
DA:21,0
DA:24,0
DA:25,0
DA:26,0
DA:27,0
DA:28,0
LF:18
LH:0
end_of_record
SF:lib/mobile/features/onboarding/screens/mobile_onboarding_screen.dart
DA:12,0
DA:14,0
DA:15,0
DA:24,0
DA:26,0
DA:27,0
DA:28,0
DA:29,0
DA:30,0
DA:35,0
DA:37,0
DA:38,0
DA:39,0
DA:41,0
DA:42,0
DA:43,0
DA:44,0
DA:46,0
DA:47,0
DA:48,0
DA:49,0
DA:51,0
DA:52,0
DA:53,0
DA:54,0
DA:56,0
DA:57,0
DA:58,0
DA:59,0
DA:61,0
DA:62,0
DA:63,0
DA:64,0
DA:66,0
DA:67,0
DA:68,0
DA:70,0
DA:71,0
DA:73,0
DA:76,0
DA:77,0
DA:78,0
DA:79,0
DA:81,0
DA:82,0
DA:83,0
DA:86,0
DA:87,0
DA:89,0
DA:90,0
DA:92,0
DA:93,0
LF:52
LH:0
end_of_record
SF:lib/mobile/features/onboarding/screens/select_role_screen.dart
DA:18,0
DA:20,0
DA:21,0
DA:25,0
DA:27,0
DA:44,0
DA:47,0
DA:48,0
DA:49,0
DA:50,0
DA:52,0
DA:53,0
DA:57,0
DA:58,0
DA:59,0
DA:60,0
DA:63,0
DA:65,0
DA:68,0
DA:70,0
DA:71,0
DA:72,0
DA:73,0
DA:74,0
DA:75,0
DA:76,0
DA:81,0
DA:83,0
DA:84,0
DA:86,0
DA:87,0
DA:88,0
DA:94,0
DA:96,0
DA:98,0
DA:100,0
DA:101,0
DA:103,0
DA:111,0
DA:112,0
DA:113,0
DA:114,0
DA:115,0
DA:116,0
DA:118,0
DA:122,0
DA:124,0
DA:128,0
DA:130,0
DA:132,0
DA:136,0
DA:138,0
DA:141,0
DA:142,0
DA:143,0
DA:145,0
DA:146,0
DA:149,0
DA:153,0
DA:156,0
DA:157,0
DA:158,0
DA:160,0
DA:161,0
DA:162,0
DA:163,0
DA:164,0
DA:165,0
DA:167,0
DA:168,0
DA:169,0
DA:171,0
DA:180,0
DA:181,0
DA:183,0
DA:184,0
DA:189,0
DA:190,0
DA:191,0
DA:192,0
DA:193,0
DA:195,0
DA:198,0
DA:199,0
DA:200,0
DA:201,0
DA:202,0
LF:87
LH:0
end_of_record
SF:lib/mobile/features/onboarding/screens/video_screen.dart
DA:15,0
DA:18,0
DA:19,0
DA:27,0
DA:29,0
DA:30,0
DA:43,0
DA:45,0
DA:46,0
DA:47,0
DA:48,0
DA:49,0
DA:57,0
DA:58,0
DA:60,0
DA:61,0
DA:62,0
DA:63,0
DA:64,0
DA:66,0
DA:67,0
DA:69,0
DA:73,0
DA:75,0
DA:79,0
DA:89,0
DA:91,0
DA:94,0
DA:95,0
DA:100,0
DA:102,0
DA:103,0
DA:108,0
DA:109,0
DA:110,0
DA:112,0
DA:113,0
DA:115,0
DA:118,0
DA:121,0
DA:122,0
DA:124,0
DA:125,0
DA:129,0
DA:130,0
DA:134,0
DA:135,0
DA:136,0
DA:139,0
DA:140,0
DA:145,0
DA:146,0
DA:154,0
DA:155,0
DA:156,0
DA:158,0
DA:159,0
DA:164,0
DA:165,0
DA:166,0
DA:167,0
DA:170,0
DA:172,0
DA:174,0
DA:182,0
DA:183,0
DA:184,0
DA:187,0
DA:188,0
DA:189,0
DA:190,0
DA:191,0
DA:192,0
DA:194,0
DA:195,0
DA:196,0
DA:198,0
DA:210,0
DA:211,0
DA:212,0
DA:215,0
DA:216,0
DA:220,0
DA:221,0
DA:226,0
DA:227,0
DA:228,0
DA:230,0
DA:234,0
DA:235,0
DA:239,0
DA:240,0
DA:243,0
DA:244,0
DA:245,0
DA:246,0
DA:251,0
LF:97
LH:0
end_of_record
SF:lib/mobile/features/onboarding/widgets/mobile_onboarding_form.dart
DA:15,0
DA:21,0
DA:22,0
DA:28,0
DA:30,0
DA:32,0
DA:33,0
DA:34,0
DA:36,0
DA:37,0
DA:38,0
DA:39,0
DA:40,0
DA:42,0
DA:46,0
DA:48,0
DA:49,0
DA:50,0
DA:54,0
DA:57,0
DA:58,0
DA:60,0
DA:61,0
DA:62,0
DA:64,0
DA:68,0
DA:71,0
DA:75,0
DA:92,0
DA:93,0
DA:101,0
DA:102,0
DA:103,0
DA:105,0
DA:106,0
DA:107,0
DA:108,0
DA:109,0
DA:110,0
DA:112,0
DA:113,0
DA:114,0
DA:116,0
DA:125,0
DA:126,0
DA:127,0
DA:129,0
DA:131,0
DA:135,0
DA:138,0
DA:139,0
DA:141,0
DA:143,0
DA:144,0
DA:145,0
DA:149,0
DA:153,0
DA:154,0
DA:159,0
DA:160,0
DA:162,0
DA:167,0
DA:171,0
DA:172,0
DA:174,0
DA:175,0
DA:176,0
DA:177,0
DA:181,0
LF:69
LH:0
end_of_record
SF:lib/mobile/features/onboarding/widgets/screen_indicator.dart
DA:7,0
DA:12,0
DA:14,0
DA:22,0
DA:24,0
DA:25,0
DA:27,0
DA:28,0
DA:29,0
DA:38,0
DA:40,0
DA:41,0
DA:42,0
DA:44,0
DA:45,0
DA:46,0
DA:47,0
LF:17
LH:0
end_of_record
SF:lib/mobile/features/onboarding/screens/mobile_verified_onboarding_screen.dart
DA:10,0
DA:12,0
DA:14,0
DA:20,0
DA:22,0
DA:23,0
DA:24,0
DA:25,0
DA:30,0
DA:32,0
DA:33,0
DA:34,0
DA:35,0
DA:37,0
DA:39,0
DA:42,0
DA:44,0
DA:46,0
DA:47,0
DA:48,0
DA:49,0
DA:51,0
DA:53,0
DA:55,0
DA:56,0
DA:57,0
DA:58,0
DA:60,0
DA:63,0
DA:68,0
DA:69,0
DA:71,0
DA:73,0
DA:76,0
DA:77,0
DA:79,0
DA:81,0
DA:84,0
DA:85,0
LF:39
LH:0
end_of_record
SF:lib/mobile/features/onboarding/widgets/role_tile.dart
DA:11,0
DA:18,0
DA:19,0
DA:30,0
DA:32,0
DA:33,0
DA:34,0
DA:35,0
DA:36,0
DA:37,0
DA:38,0
DA:39,0
DA:41,0
DA:42,0
DA:45,0
DA:46,0
DA:48,0
DA:49,0
DA:53,0
DA:55,0
DA:57,0
DA:58,0
DA:59,0
DA:60,0
DA:62,0
DA:64,0
DA:65,0
DA:66,0
DA:67,0
DA:68,0
DA:69,0
DA:70,0
DA:71,0
DA:73,0
DA:74,0
DA:76,0
DA:77,0
DA:78,0
DA:79,0
DA:81,0
DA:83,0
LF:41
LH:0
end_of_record
SF:lib/web/features/auth/screens/web_login_screen.dart
DA:11,3
DA:13,1
DA:15,1
DA:16,1
DA:18,5
DA:19,1
DA:24,1
DA:25,1
DA:27,1
DA:28,1
DA:29,1
DA:33,1
DA:41,1
DA:44,1
DA:48,1
DA:51,1
DA:56,1
DA:59,1
LF:18
LH:18
end_of_record
SF:lib/web/features/onboarding/screens/web_onboarding_screen.dart
DA:23,8
DA:26,0
DA:27,0
DA:33,0
DA:35,0
DA:52,0
DA:55,0
DA:56,0
DA:57,0
DA:58,0
DA:61,0
DA:62,0
DA:63,0
DA:67,0
DA:69,0
DA:70,0
DA:71,0
DA:72,0
DA:76,0
DA:78,0
DA:81,0
DA:82,0
DA:85,0
DA:87,0
DA:88,0
DA:89,0
DA:90,0
DA:91,0
DA:92,0
DA:93,0
DA:97,0
DA:98,0
DA:99,0
DA:100,0
DA:101,0
DA:102,0
DA:118,0
DA:119,0
DA:120,0
DA:131,0
DA:133,0
DA:134,0
DA:136,0
DA:137,0
DA:138,0
DA:141,0
DA:143,0
DA:144,0
DA:145,0
DA:146,0
DA:147,0
DA:148,0
DA:149,0
DA:151,0
DA:157,0
DA:158,0
DA:160,0
DA:164,0
DA:165,0
DA:166,0
DA:167,0
DA:168,0
DA:170,0
DA:172,0
DA:176,0
DA:178,0
DA:180,0
DA:186,0
DA:188,0
DA:190,0
DA:197,0
DA:199,0
DA:201,0
DA:214,0
DA:215,0
DA:218,0
DA:220,0
DA:221,0
DA:222,0
DA:223,0
DA:224,0
DA:225,0
DA:230,0
DA:234,0
DA:239,0
DA:242,0
DA:243,0
DA:245,0
DA:247,0
DA:248,0
DA:250,0
DA:252,0
DA:253,0
DA:263,0
DA:265,0
DA:266,0
DA:270,0
DA:272,0
DA:273,0
DA:274,0
DA:275,0
DA:276,0
DA:277,0
DA:281,0
DA:283,0
DA:284,0
DA:285,0
DA:286,0
DA:287,0
DA:288,0
DA:290,0
DA:291,0
DA:292,0
DA:293,0
DA:294,0
DA:296,0
DA:297,0
DA:299,0
DA:301,0
DA:303,0
DA:304,0
DA:305,0
DA:308,0
DA:309,0
DA:310,0
LF:125
LH:1
end_of_record
SF:lib/web/reusable_web_widgets/web_appbar.dart
DA:11,3
DA:17,3
DA:18,3
DA:25,3
DA:27,3
DA:30,3
DA:32,3
DA:46,3
DA:47,3
DA:49,3
DA:51,3
DA:53,3
DA:54,3
DA:56,3
DA:61,3
DA:63,3
DA:65,3
DA:66,3
DA:69,0
DA:70,0
DA:71,0
DA:73,9
DA:74,3
LF:23
LH:20
end_of_record
SF:lib/web/reusable_web_widgets/web_footer.dart
DA:7,40
DA:9,3
DA:11,9
DA:12,9
DA:13,3
DA:14,3
DA:15,3
DA:16,3
DA:17,3
DA:18,3
DA:19,3
DA:20,3
DA:21,3
DA:23,3
DA:25,3
DA:26,3
DA:32,3
DA:33,3
DA:35,3
DA:37,3
DA:40,3
DA:41,3
DA:42,3
DA:43,3
DA:45,3
DA:46,3
DA:47,0
DA:48,0
DA:51,3
DA:52,3
DA:53,3
DA:55,3
DA:57,3
DA:58,3
DA:60,3
DA:61,3
DA:63,3
DA:64,3
DA:71,3
DA:72,3
DA:73,3
DA:75,3
DA:77,3
DA:78,3
DA:80,3
DA:82,3
DA:83,3
DA:91,3
DA:92,3
DA:93,6
DA:94,3
DA:97,3
DA:98,3
DA:100,3
DA:101,3
DA:102,3
DA:103,3
DA:106,0
DA:107,0
DA:110,3
DA:111,3
DA:112,3
DA:115,0
DA:119,3
DA:120,3
DA:121,3
DA:124,0
DA:128,3
DA:129,3
DA:130,3
DA:133,0
DA:137,3
DA:138,3
DA:140,3
DA:142,3
DA:143,3
DA:150,3
DA:151,3
DA:152,3
DA:155,3
DA:156,3
DA:157,0
DA:158,3
DA:160,3
DA:162,3
DA:166,3
DA:167,3
DA:169,3
DA:170,0
DA:171,3
DA:173,3
DA:175,3
LF:92
LH:83
end_of_record
SF:lib/web/features/auth/screens/web_signup_screen.dart
DA:17,1
DA:18,1
DA:37,0
DA:38,0
DA:41,1
DA:42,3
DA:43,3
DA:45,0
DA:46,0
DA:47,0
DA:48,0
DA:49,0
DA:50,0
DA:51,0
DA:52,0
DA:53,0
DA:54,0
DA:55,0
DA:56,0
DA:62,0
DA:63,0
DA:64,0
DA:76,1
DA:77,2
DA:78,2
DA:82,1
DA:84,3
DA:85,3
DA:86,1
DA:88,4
DA:89,4
DA:93,1
DA:94,1
DA:96,5
DA:97,1
DA:102,1
DA:103,1
DA:104,1
DA:105,1
DA:106,1
DA:107,1
DA:114,1
DA:116,1
DA:117,1
DA:124,4
DA:125,1
DA:126,1
DA:127,1
DA:129,1
DA:132,1
DA:155,1
DA:156,2
DA:157,1
DA:158,1
DA:159,1
DA:160,1
DA:161,1
DA:162,1
DA:164,1
DA:165,1
DA:167,1
DA:168,1
DA:176,1
DA:177,1
DA:178,1
DA:197,1
DA:199,1
DA:205,1
DA:206,3
DA:207,1
DA:208,1
DA:209,1
DA:210,1
DA:212,2
DA:213,1
DA:216,0
DA:224,1
DA:225,1
DA:227,1
DA:228,1
DA:236,1
DA:237,1
DA:238,1
DA:257,1
DA:259,1
DA:265,1
DA:266,1
DA:267,1
DA:268,1
DA:270,2
DA:271,1
DA:274,0
DA:284,1
DA:286,1
DA:287,1
DA:294,1
DA:295,1
DA:296,1
DA:313,1
DA:315,1
DA:321,1
DA:322,1
DA:323,1
DA:324,1
DA:327,0
DA:328,0
DA:331,0
DA:338,1
DA:340,1
DA:341,1
DA:348,1
DA:349,1
DA:350,1
DA:367,1
DA:369,1
DA:375,1
DA:376,1
DA:377,1
DA:378,1
DA:381,0
DA:388,1
DA:390,1
DA:391,1
DA:394,1
DA:395,1
DA:405,1
DA:412,1
DA:416,1
DA:417,1
DA:418,1
DA:420,1
DA:422,1
DA:428,1
DA:429,1
DA:430,2
DA:431,1
DA:440,1
DA:442,1
DA:445,1
DA:450,1
DA:451,1
DA:452,1
DA:470,1
DA:472,1
DA:478,1
DA:479,1
DA:480,1
DA:481,1
DA:483,2
DA:484,1
DA:487,0
DA:492,1
DA:494,1
DA:495,1
DA:502,1
DA:503,1
DA:504,1
DA:521,1
DA:523,1
DA:529,1
DA:530,1
DA:531,1
DA:532,1
DA:535,2
DA:536,1
DA:539,0
DA:546,1
DA:548,1
DA:549,1
DA:550,1
DA:557,1
DA:558,2
DA:559,1
DA:562,1
DA:563,1
DA:564,1
DA:567,1
DA:570,1
DA:571,1
DA:572,2
DA:583,1
DA:585,1
DA:592,1
DA:593,1
DA:594,1
DA:596,1
DA:597,1
DA:599,2
DA:600,1
DA:603,1
DA:604,1
DA:608,1
DA:612,1
DA:613,2
DA:614,1
DA:617,0
DA:618,0
DA:627,2
DA:628,1
DA:631,1
DA:632,1
DA:637,0
DA:638,0
DA:640,1
DA:642,1
DA:643,1
DA:645,1
DA:656,1
DA:658,1
DA:661,1
DA:663,1
DA:666,1
DA:667,1
DA:669,1
LF:214
LH:185
end_of_record
SF:lib/web/features/auth/widgets/web_login_form.dart
DA:8,8
DA:10,1
DA:11,1
DA:31,1
DA:33,1
DA:34,1
DA:35,1
DA:37,1
DA:38,1
DA:39,1
DA:41,1
DA:42,1
DA:43,2
DA:44,2
DA:45,1
DA:47,0
DA:48,0
DA:49,0
DA:53,1
DA:54,1
DA:55,2
DA:56,1
DA:57,1
DA:60,2
DA:61,2
DA:62,1
DA:63,1
DA:67,2
DA:68,1
DA:69,1
DA:74,1
DA:75,1
DA:76,1
DA:83,1
DA:86,1
DA:88,1
DA:90,1
DA:99,1
DA:100,1
DA:101,1
DA:104,1
DA:105,1
DA:106,1
DA:115,1
DA:123,1
DA:125,1
DA:126,1
DA:127,2
DA:128,2
DA:129,1
DA:131,0
DA:132,0
DA:133,0
DA:137,1
DA:138,1
DA:139,1
DA:140,2
DA:141,1
DA:142,1
DA:145,2
DA:146,2
DA:147,1
DA:148,1
DA:152,2
DA:153,1
DA:154,1
DA:160,1
DA:161,1
DA:164,1
DA:166,1
DA:167,2
DA:168,2
DA:171,1
DA:172,1
DA:174,1
DA:178,1
DA:180,1
DA:182,1
DA:190,1
DA:191,1
DA:192,1
DA:195,1
DA:196,1
DA:197,1
DA:206,1
DA:215,1
DA:217,1
DA:218,3
DA:220,0
DA:221,0
DA:222,0
DA:224,0
DA:225,0
DA:226,0
DA:227,0
DA:229,0
DA:230,0
DA:231,0
DA:234,0
DA:235,0
DA:236,0
DA:237,0
DA:238,0
DA:240,0
DA:241,0
DA:243,0
DA:245,0
DA:246,0
DA:251,1
LF:109
LH:83
end_of_record
SF:lib/web/features/auth/screens/web_verification_screen.dart
DA:16,1
DA:17,1
DA:30,1
DA:32,1
DA:33,2
DA:34,3
DA:35,3
DA:37,4
DA:38,4
DA:42,1
DA:43,1
DA:45,5
DA:46,1
DA:51,1
DA:52,1
DA:54,1
DA:55,1
DA:56,1
DA:57,1
DA:58,1
DA:65,1
DA:66,1
DA:68,1
DA:75,4
DA:76,4
DA:77,1
DA:78,1
DA:79,1
DA:82,1
DA:83,2
DA:84,1
DA:88,1
DA:89,1
DA:91,1
DA:92,2
DA:97,1
DA:98,1
DA:100,1
DA:101,2
DA:106,1
DA:107,1
DA:108,3
DA:109,1
DA:110,1
DA:111,1
DA:114,1
DA:115,1
DA:116,1
DA:118,1
DA:120,1
DA:123,1
DA:124,0
DA:125,0
DA:126,0
DA:127,0
DA:130,1
DA:138,1
DA:142,1
DA:143,1
DA:149,1
DA:153,1
DA:154,1
DA:160,1
DA:165,1
DA:166,1
DA:169,1
DA:175,1
DA:176,1
DA:178,1
DA:180,1
DA:183,1
DA:184,0
DA:185,0
DA:186,0
DA:187,0
DA:190,1
DA:198,1
DA:202,1
DA:203,1
DA:209,1
DA:213,1
DA:214,1
DA:220,1
DA:225,1
DA:226,1
DA:229,1
DA:235,1
DA:236,1
DA:238,1
DA:240,1
DA:243,1
DA:244,0
DA:245,0
DA:246,0
DA:247,0
DA:250,1
DA:258,1
DA:262,1
DA:263,1
DA:269,1
DA:273,1
DA:274,1
DA:280,1
DA:285,1
DA:286,1
DA:289,1
DA:295,1
DA:296,1
DA:298,1
DA:300,1
DA:303,1
DA:304,0
DA:305,0
DA:306,0
DA:307,0
DA:310,1
DA:318,1
DA:324,1
DA:325,1
DA:331,1
DA:335,1
DA:336,1
DA:342,1
DA:347,1
DA:348,1
DA:351,1
DA:357,1
DA:358,1
DA:360,1
DA:362,1
DA:365,1
DA:366,0
DA:367,0
DA:368,0
DA:369,0
DA:372,1
DA:380,1
DA:384,1
DA:385,1
DA:391,1
DA:395,1
DA:396,1
DA:402,1
DA:407,1
DA:408,1
DA:411,1
DA:417,1
DA:418,1
DA:420,1
DA:422,1
DA:425,1
DA:426,0
DA:427,0
DA:428,0
DA:429,0
DA:435,1
DA:443,1
DA:447,1
DA:448,1
DA:454,1
DA:458,1
DA:459,1
DA:465,1
DA:469,1
DA:470,1
DA:473,1
DA:485,1
DA:486,0
DA:488,0
DA:491,0
DA:498,1
DA:501,1
DA:503,1
DA:506,0
DA:507,0
DA:508,0
DA:509,0
DA:510,0
DA:511,0
DA:512,0
DA:514,0
DA:515,0
DA:520,0
DA:521,0
DA:523,1
DA:525,1
LF:186
LH:148
end_of_record
SF:lib/web/providers/web_auth_provider.dart
DA:27,0
DA:31,0
DA:32,0
DA:35,0
DA:37,0
DA:41,0
DA:53,0
DA:57,0
DA:59,0
DA:60,0
DA:61,0
DA:65,0
DA:72,0
DA:74,0
DA:77,0
DA:80,0
DA:82,0
DA:83,0
DA:84,0
DA:85,0
DA:87,0
DA:91,0
DA:98,0
DA:101,0
DA:102,0
DA:103,0
DA:104,0
DA:105,0
DA:106,0
DA:107,0
LF:30
LH:0
end_of_record
SF:lib/web/features/auth/widgets/loading_spinner.dart
DA:14,0
DA:16,0
DA:17,0
DA:18,0
DA:20,0
DA:21,0
DA:22,0
DA:25,0
DA:26,0
DA:28,0
LF:10
LH:0
end_of_record
SF:lib/web/features/home/screens/web_home_screen.dart
DA:8,0
DA:10,0
DA:12,0
DA:13,0
DA:16,0
DA:17,0
DA:19,0
DA:21,0
DA:22,0
DA:24,0
DA:25,0
DA:26,0
DA:27,0
DA:30,0
LF:14
LH:0
end_of_record
SF:lib/web/providers/web_ob_answers.dart
DA:9,0
DA:10,0
DA:11,0
DA:12,0
DA:13,0
DA:14,0
DA:17,0
DA:18,0
DA:19,0
DA:22,0
DA:23,0
DA:24,0
DA:25,0
LF:13
LH:0
end_of_record
SF:lib/web/providers/web_ob_role.dart
DA:11,0
DA:12,0
DA:13,0
DA:14,0
DA:15,0
DA:17,0
DA:19,0
DA:20,0
DA:21,0
DA:22,0
DA:24,0
DA:27,0
DA:28,0
DA:29,0
DA:30,0
DA:32,0
DA:35,0
DA:36,0
DA:37,0
DA:40,0
DA:41,0
DA:42,0
DA:45,0
DA:46,0
DA:47,0
DA:48,0
LF:26
LH:0
end_of_record
SF:lib/web/reusable_web_widgets/web_ob_appbar.dart
DA:11,0
DA:20,0
DA:22,0
DA:25,0
DA:27,0
DA:34,0
LF:6
LH:0
end_of_record
SF:lib/web/providers/web_ob_error.dart
DA:10,0
DA:11,0
DA:12,0
DA:13,0
DA:14,0
DA:15,0
DA:16,0
DA:17,0
DA:18,0
DA:21,0
DA:22,0
DA:23,0
DA:26,0
DA:27,0
DA:28,0
DA:31,0
DA:32,0
DA:33,0
DA:34,0
DA:35,0
LF:20
LH:0
end_of_record
SF:lib/web/features/onboarding/web_constansts_ob.dart
DA:6,0
DA:7,0
DA:8,0
DA:16,0
DA:24,0
DA:25,0
DA:26,0
DA:32,0
DA:33,0
DA:39,0
DA:40,0
DA:46,0
DA:47,0
DA:53,0
DA:54,0
DA:61,0
DA:62,0
DA:63,0
DA:69,0
DA:70,0
DA:76,0
DA:77,0
DA:83,0
DA:84,0
DA:90,0
DA:91,0
DA:100,0
DA:106,0
DA:109,0
LF:29
LH:0
end_of_record
SF:lib/web/features/onboarding/widgets/video_tile.dart
DA:7,0
DA:15,0
DA:17,0
DA:20,0
DA:22,0
DA:28,0
DA:31,0
DA:32,0
DA:33,0
DA:34,0
DA:36,0
DA:40,0
DA:44,0
DA:45,0
DA:46,0
DA:47,0
LF:16
LH:0
end_of_record
SF:lib/web/features/onboarding/widgets/web_custom_button.dart
DA:7,0
DA:9,0
DA:11,0
DA:12,0
DA:14,0
DA:16,0
DA:19,0
DA:21,0
DA:22,0
DA:23,0
DA:25,0
LF:11
LH:0
end_of_record
SF:lib/web/features/onboarding/widgets/web_link_tile.dart
DA:9,0
DA:11,0
DA:13,0
DA:14,0
DA:16,0
DA:18,0
DA:24,0
DA:27,0
DA:28,0
DA:29,0
DA:33,0
DA:35,0
DA:37,0
DA:41,0
DA:42,0
DA:44,0
DA:45,0
DA:46,0
DA:47,0
DA:69,0
DA:70,0
DA:71,0
DA:80,0
DA:82,0
LF:24
LH:0
end_of_record
SF:lib/web/features/onboarding/widgets/web_options_tile.dart
DA:15,8
DA:17,0
DA:18,0
DA:29,0
DA:31,0
DA:35,0
DA:38,0
DA:42,0
DA:45,0
DA:47,0
DA:48,0
DA:49,0
DA:50,0
DA:51,0
DA:53,0
DA:59,0
DA:61,0
DA:62,0
DA:64,0
DA:65,0
DA:66,0
DA:71,0
DA:73,0
DA:74,0
DA:75,0
DA:78,0
DA:79,0
DA:80,0
DA:81,0
DA:87,0
DA:88,0
DA:89,0
DA:90,0
DA:91,0
DA:92,0
DA:93,0
DA:100,0
DA:110,0
DA:111,0
DA:112,0
DA:115,0
DA:116,0
DA:117,0
DA:118,0
DA:124,0
DA:125,0
DA:126,0
DA:127,0
DA:128,0
DA:135,0
DA:171,0
DA:172,0
DA:173,0
DA:174,0
DA:175,0
DA:176,0
DA:177,0
DA:178,0
DA:179,0
DA:180,0
DA:182,0
DA:183,0
DA:184,0
LF:63
LH:1
end_of_record
SF:lib/web/features/onboarding/widgets/web_qa_tile.dart
DA:13,0
DA:22,0
DA:23,0
DA:30,0
DA:32,0
DA:36,0
DA:39,0
DA:41,0
DA:45,0
DA:49,0
DA:50,0
DA:53,0
DA:55,0
DA:56,0
DA:58,0
DA:64,0
DA:66,0
DA:68,0
DA:70,0
DA:71,0
DA:73,0
DA:74,0
DA:75,0
DA:82,0
DA:83,0
DA:84,0
DA:85,0
DA:86,0
DA:87,0
DA:107,0
DA:109,0
DA:110,0
DA:111,0
DA:112,0
DA:113,0
DA:114,0
DA:115,0
DA:119,0
DA:120,0
DA:121,0
DA:122,0
DA:129,0
DA:130,0
DA:131,0
DA:132,0
DA:133,0
DA:134,0
DA:136,0
DA:137,0
DA:138,0
DA:140,0
DA:147,0
DA:149,0
DA:151,0
DA:154,0
DA:155,0
DA:157,0
DA:158,0
DA:159,0
DA:161,0
LF:60
LH:0
end_of_record
SF:lib/web/features/onboarding/widgets/web_role_bar.dart
DA:7,8
DA:9,0
DA:10,0
DA:14,0
DA:16,0
DA:17,0
DA:18,0
DA:19,0
DA:21,0
DA:23,0
DA:29,0
DA:34,0
DA:36,0
DA:38,0
DA:45,0
DA:47,0
DA:48,0
DA:51,0
DA:52,0
DA:54,0
DA:55,0
DA:58,0
DA:62,0
LF:23
LH:1
end_of_record
SF:lib/web/features/onboarding/widgets/web_vector_tile.dart
DA:13,0
DA:19,0
DA:20,0
DA:25,0
DA:27,0
DA:28,0
DA:29,0
DA:30,0
DA:31,0
DA:33,0
DA:35,0
DA:36,0
DA:39,0
DA:41,0
DA:43,0
DA:44,0
DA:48,0
DA:49,0
DA:50,0
DA:51,0
DA:52,0
DA:54,0
DA:55,0
DA:57,0
DA:58,0
DA:59,0
DA:62,0
DA:63,0
DA:64,0
DA:65,0
DA:66,0
DA:67,0
DA:70,0
DA:71,0
DA:72,0
DA:73,0
DA:74,0
DA:76,0
LF:38
LH:0
end_of_record
