SF:lib/mobile/providers/mobile_auth_provider.dart
DA:28,0
DA:32,0
DA:33,0
DA:36,0
DA:38,0
DA:42,0
DA:54,0
DA:57,0
DA:66,0
DA:69,0
DA:71,0
DA:72,0
DA:73,0
DA:74,0
DA:75,0
DA:76,0
DA:78,0
DA:81,0
DA:88,0
DA:90,0
DA:94,0
DA:95,0
DA:96,0
DA:97,0
DA:98,0
DA:99,0
DA:104,0
DA:106,0
DA:108,0
DA:113,0
DA:114,0
DA:115,0
DA:116,0
DA:117,0
DA:118,0
DA:120,0
DA:123,0
DA:125,0
DA:126,0
DA:127,0
DA:128,0
LF:41
LH:0
end_of_record
SF:lib/main.dart
DA:25,0
DA:26,0
DA:30,7
DA:32,1
DA:33,1
DA:37,1
DA:39,1
DA:40,1
DA:43,1
DA:45,1
DA:46,2
DA:48,2
DA:49,0
DA:50,0
DA:54,1
DA:56,1
DA:57,1
DA:58,1
DA:59,2
DA:61,1
DA:62,0
DA:64,1
DA:65,0
DA:68,1
DA:71,1
DA:86,2
DA:87,0
DA:90,1
DA:91,0
DA:92,0
DA:93,0
DA:95,0
DA:96,0
DA:97,0
DA:98,0
DA:100,0
DA:101,0
DA:102,0
DA:103,0
DA:105,0
LF:40
LH:21
end_of_record
SF:lib/mobile/features/auth/screens/email_verification_screen.dart
DA:14,7
DA:16,1
DA:18,1
DA:48,0
DA:49,0
DA:52,1
DA:54,3
DA:55,3
DA:56,1
DA:59,1
DA:61,1
DA:63,5
DA:66,1
DA:67,1
DA:70,1
DA:71,1
DA:72,1
DA:73,1
DA:74,1
DA:75,1
DA:77,1
DA:78,1
DA:79,1
DA:81,1
DA:84,1
DA:87,1
DA:88,1
DA:90,1
DA:92,1
DA:95,1
DA:98,1
DA:99,1
DA:101,1
DA:103,1
DA:104,1
DA:108,1
DA:109,1
DA:111,1
DA:115,1
DA:116,1
DA:118,1
DA:122,1
DA:123,1
DA:125,1
DA:129,1
DA:130,1
DA:132,1
DA:136,1
DA:137,1
DA:139,1
DA:143,1
DA:144,1
DA:148,1
DA:149,1
DA:151,1
DA:152,0
DA:154,0
DA:157,0
DA:160,1
DA:161,1
DA:163,1
DA:164,1
DA:166,1
DA:168,1
DA:170,1
DA:173,1
DA:176,0
DA:177,0
DA:178,0
DA:179,0
DA:180,0
DA:181,0
DA:182,0
DA:183,0
DA:184,0
DA:185,0
DA:186,0
DA:187,0
DA:194,1
DA:195,1
DA:197,1
DA:199,1
DA:200,1
DA:202,1
DA:203,1
DA:211,1
DA:213,1
DA:214,2
DA:217,1
DA:219,1
DA:220,1
DA:228,1
DA:229,1
DA:231,1
DA:232,1
DA:233,1
DA:234,1
LF:97
LH:80
end_of_record
SF:lib/mobile/features/auth/screens/mobile_login_screen.dart
DA:16,9
DA:18,4
DA:19,4
DA:38,1
DA:39,2
DA:40,2
DA:44,1
DA:45,3
DA:46,3
DA:48,0
DA:49,0
DA:50,0
DA:51,0
DA:52,0
DA:53,0
DA:57,3
DA:60,4
DA:62,12
DA:63,12
DA:64,4
DA:66,4
DA:68,20
DA:71,4
DA:72,4
DA:74,4
DA:75,4
DA:76,4
DA:77,4
DA:78,4
DA:79,4
DA:81,4
DA:82,4
DA:83,4
DA:84,4
DA:87,4
DA:89,4
DA:90,4
DA:95,4
DA:97,4
DA:98,4
DA:103,4
DA:104,4
DA:106,4
DA:107,4
DA:108,4
DA:109,4
DA:110,4
DA:111,4
DA:112,4
DA:114,4
DA:115,4
DA:117,4
DA:119,4
DA:121,4
DA:122,4
DA:127,4
DA:130,4
DA:131,4
DA:133,4
DA:135,4
DA:136,4
DA:138,4
DA:139,4
DA:147,4
DA:149,0
DA:150,0
DA:153,4
DA:155,4
DA:156,4
DA:164,4
DA:165,4
DA:167,4
DA:168,4
DA:169,4
DA:170,4
DA:175,4
DA:176,4
LF:77
LH:69
end_of_record
SF:lib/mobile/features/auth/screens/mobile_signup_screen.dart
DA:19,8
DA:21,1
DA:22,1
DA:42,1
DA:44,2
DA:45,2
DA:46,2
DA:47,2
DA:48,2
DA:49,2
DA:50,2
DA:52,2
DA:53,2
DA:54,2
DA:55,2
DA:56,2
DA:57,2
DA:58,1
DA:78,0
DA:79,0
DA:80,0
DA:81,0
DA:82,0
DA:83,0
DA:84,0
DA:88,0
DA:90,0
DA:94,0
DA:95,0
DA:96,0
DA:99,1
DA:100,3
DA:101,3
DA:103,0
DA:104,0
DA:105,0
DA:106,0
DA:107,0
DA:108,0
DA:109,0
DA:110,0
DA:111,0
DA:112,0
DA:113,0
DA:116,0
DA:117,0
DA:121,1
DA:122,2
DA:123,2
DA:127,1
DA:129,3
DA:130,3
DA:131,1
DA:132,1
DA:134,1
DA:136,5
DA:139,2
DA:143,1
DA:144,1
DA:145,1
DA:147,1
DA:148,1
DA:149,1
DA:150,1
DA:151,1
DA:152,1
DA:154,1
DA:155,1
DA:156,1
DA:158,1
DA:159,1
DA:164,1
DA:166,1
DA:167,1
DA:172,1
DA:173,1
DA:175,1
DA:176,1
DA:177,1
DA:178,1
DA:179,1
DA:181,1
DA:182,1
DA:183,1
DA:189,1
DA:192,1
DA:193,1
DA:195,1
DA:196,1
DA:201,1
DA:202,1
DA:206,1
DA:207,1
DA:208,1
DA:210,1
DA:212,1
DA:216,1
DA:217,1
DA:221,1
DA:224,1
DA:225,1
DA:226,1
DA:229,2
DA:230,1
DA:234,0
DA:237,0
DA:238,0
DA:239,0
DA:241,1
DA:242,1
DA:244,1
DA:246,1
DA:247,1
DA:248,1
DA:249,1
DA:255,1
DA:258,1
DA:259,1
DA:261,1
DA:262,1
DA:267,1
DA:268,1
DA:272,1
DA:273,1
DA:274,1
DA:276,1
DA:278,1
DA:282,1
DA:283,1
DA:287,1
DA:290,1
DA:291,1
DA:292,1
DA:294,2
DA:295,1
DA:298,0
DA:301,0
DA:302,0
DA:303,0
DA:305,1
DA:306,1
DA:308,1
DA:310,1
DA:311,1
DA:312,1
DA:313,1
DA:319,1
DA:322,1
DA:323,1
DA:325,1
DA:326,1
DA:331,1
DA:332,1
DA:336,1
DA:337,1
DA:338,1
DA:340,1
DA:342,1
DA:346,1
DA:348,1
DA:349,1
DA:351,1
DA:354,1
DA:355,1
DA:359,1
DA:362,1
DA:363,1
DA:364,1
DA:366,2
DA:367,1
DA:370,0
DA:373,0
DA:374,0
DA:375,0
DA:377,1
DA:378,1
DA:380,1
DA:382,1
DA:383,1
DA:384,1
DA:385,1
DA:391,1
DA:394,1
DA:395,1
DA:397,1
DA:398,1
DA:403,1
DA:404,1
DA:408,1
DA:409,1
DA:410,1
DA:412,1
DA:414,1
DA:418,1
DA:419,1
DA:423,1
DA:426,1
DA:427,1
DA:428,1
DA:431,0
DA:434,0
DA:435,0
DA:437,1
DA:438,1
DA:440,1
DA:441,1
DA:442,1
DA:443,1
DA:444,1
DA:445,1
DA:447,1
DA:448,1
DA:452,1
DA:454,1
DA:457,3
DA:458,1
DA:461,1
DA:462,1
DA:463,1
DA:464,2
DA:465,1
DA:468,1
DA:470,1
DA:473,1
DA:477,1
DA:480,1
DA:484,1
DA:485,1
DA:487,1
DA:489,1
DA:490,1
DA:491,1
DA:492,1
DA:498,1
DA:501,1
DA:502,1
DA:504,1
DA:505,1
DA:510,1
DA:511,1
DA:515,1
DA:516,1
DA:517,1
DA:518,1
DA:519,1
DA:521,1
DA:523,1
DA:527,1
DA:530,1
DA:532,0
DA:533,0
DA:534,0
DA:544,1
DA:545,1
DA:549,1
DA:552,1
DA:553,1
DA:554,1
DA:556,2
DA:557,1
DA:560,0
DA:563,0
DA:564,0
DA:565,0
DA:567,1
DA:568,1
DA:570,1
DA:572,1
DA:573,1
DA:574,1
DA:575,1
DA:581,1
DA:584,1
DA:585,1
DA:587,1
DA:588,1
DA:593,1
DA:594,1
DA:598,1
DA:599,1
DA:600,1
DA:602,1
DA:604,1
DA:608,1
DA:609,1
DA:613,1
DA:616,1
DA:617,1
DA:618,1
DA:620,2
DA:621,1
DA:624,1
DA:627,0
DA:628,0
DA:629,0
DA:631,1
DA:632,1
DA:634,1
DA:636,1
DA:637,1
DA:638,1
DA:643,1
DA:644,1
DA:647,1
DA:648,1
DA:650,1
DA:651,1
DA:656,1
DA:657,1
DA:661,1
DA:662,1
DA:663,1
DA:665,1
DA:668,1
DA:669,1
DA:670,1
DA:673,1
DA:676,1
DA:679,1
DA:681,1
DA:686,1
DA:687,0
DA:688,0
DA:689,1
DA:690,1
DA:691,1
DA:693,2
DA:694,1
DA:697,1
DA:701,2
DA:702,1
DA:705,1
DA:706,1
DA:711,0
DA:712,0
DA:717,1
DA:718,1
DA:720,1
DA:722,1
DA:723,1
DA:730,1
DA:731,1
DA:733,1
DA:735,1
DA:737,1
DA:738,1
DA:743,1
DA:746,1
DA:747,1
DA:749,1
DA:751,1
DA:752,1
DA:754,1
DA:755,1
DA:763,1
DA:765,1
DA:766,2
DA:769,1
DA:771,1
DA:772,1
DA:780,1
DA:781,1
DA:783,1
DA:784,1
DA:785,1
DA:786,1
DA:794,1
DA:795,1
LF:368
LH:314
end_of_record
SF:lib/mobile/features/home/screens/mobile_home_screen.dart
DA:9,6
DA:11,0
DA:13,0
DA:14,0
DA:17,0
DA:18,0
DA:24,0
DA:25,0
DA:26,0
LF:9
LH:1
end_of_record
SF:lib/mobile/features/onboarding/screens/mobile_onboarding_screen.dart
DA:6,19
DA:8,0
DA:10,0
DA:11,0
LF:4
LH:1
end_of_record
SF:lib/web/features/auth/screens/web_email_verifed.dart
DA:13,6
DA:15,0
DA:16,0
DA:21,0
DA:23,0
DA:24,0
DA:25,0
DA:26,0
DA:31,0
DA:33,0
DA:40,0
DA:41,0
DA:45,0
DA:47,0
DA:49,0
DA:50,0
DA:52,0
DA:53,0
DA:58,0
DA:59,0
DA:60,0
DA:61,0
DA:62,0
DA:63,0
DA:70,0
DA:71,0
DA:73,0
DA:80,0
DA:82,0
DA:83,0
DA:85,0
DA:89,0
LF:32
LH:1
end_of_record
SF:lib/web/features/auth/screens/web_login_screen.dart
DA:10,7
DA:12,0
DA:14,0
DA:15,0
DA:17,0
DA:18,0
DA:23,0
DA:25,0
DA:26,0
DA:27,0
DA:31,0
DA:39,0
DA:42,0
DA:46,0
DA:49,0
DA:54,0
DA:57,0
LF:17
LH:1
end_of_record
SF:lib/web/features/auth/screens/web_signup_screen.dart
DA:15,1
DA:16,1
DA:35,0
DA:36,0
DA:39,0
DA:40,0
DA:41,0
DA:43,0
DA:44,0
DA:45,0
DA:46,0
DA:47,0
DA:48,0
DA:49,0
DA:50,0
DA:51,0
DA:52,0
DA:53,0
DA:54,0
DA:60,0
DA:61,0
DA:73,0
DA:74,0
DA:75,0
DA:79,1
DA:81,3
DA:82,3
DA:83,1
DA:85,4
DA:89,0
DA:90,0
DA:92,0
DA:93,0
DA:98,0
DA:99,0
DA:100,0
DA:101,0
DA:102,0
DA:103,0
DA:110,0
DA:112,0
DA:113,0
DA:120,0
DA:121,0
DA:122,0
DA:123,0
DA:125,0
DA:128,0
DA:151,0
DA:153,0
DA:154,0
DA:155,0
DA:156,0
DA:157,0
DA:158,0
DA:160,0
DA:161,0
DA:163,0
DA:169,0
DA:170,0
DA:171,0
DA:190,0
DA:192,0
DA:198,0
DA:199,0
DA:200,0
DA:201,0
DA:202,0
DA:203,0
DA:206,0
DA:214,0
DA:215,0
DA:217,0
DA:223,0
DA:224,0
DA:225,0
DA:244,0
DA:246,0
DA:252,0
DA:253,0
DA:254,0
DA:255,0
DA:258,0
DA:268,0
DA:270,0
DA:275,0
DA:276,0
DA:277,0
DA:294,0
DA:296,0
DA:302,0
DA:303,0
DA:304,0
DA:305,0
DA:308,0
DA:309,0
DA:312,0
DA:319,0
DA:321,0
DA:326,0
DA:327,0
DA:328,0
DA:345,0
DA:347,0
DA:353,0
DA:354,0
DA:355,0
DA:356,0
DA:359,0
DA:366,0
DA:368,0
DA:370,0
DA:371,0
DA:381,0
DA:387,0
DA:391,0
DA:392,0
DA:393,0
DA:395,0
DA:397,0
DA:403,0
DA:404,0
DA:405,0
DA:406,0
DA:414,0
DA:416,0
DA:421,0
DA:422,0
DA:423,0
DA:440,0
DA:442,0
DA:448,0
DA:449,0
DA:450,0
DA:451,0
DA:454,0
DA:461,0
DA:463,0
DA:468,0
DA:469,0
DA:470,0
DA:487,0
DA:489,0
DA:495,0
DA:496,0
DA:497,0
DA:498,0
DA:501,0
DA:502,0
DA:505,0
DA:512,0
DA:514,0
DA:515,0
DA:520,0
DA:521,0
DA:523,0
DA:524,0
DA:525,0
DA:528,0
DA:531,0
DA:532,0
DA:533,0
DA:543,0
DA:545,0
DA:552,0
DA:553,0
DA:554,0
DA:556,0
DA:557,0
DA:559,0
DA:560,0
DA:563,0
DA:564,0
DA:568,0
DA:572,0
DA:573,0
DA:582,0
DA:583,0
DA:586,0
DA:587,0
DA:592,0
DA:593,0
DA:595,0
DA:597,0
DA:598,0
DA:600,0
DA:611,0
DA:613,0
DA:616,0
DA:618,0
DA:621,0
DA:622,0
DA:624,0
LF:193
LH:7
end_of_record
SF:lib/web/features/home/screens/web_home_screen.dart
DA:8,6
DA:10,0
DA:12,0
DA:13,0
DA:16,0
DA:17,0
DA:18,0
DA:20,0
DA:21,0
DA:25,0
DA:26,0
DA:27,0
DA:28,0
DA:31,0
LF:14
LH:1
end_of_record
SF:lib/web/features/onboarding/screens/web_onboarding_screen.dart
DA:6,6
DA:8,0
DA:10,0
DA:11,0
LF:4
LH:1
end_of_record
SF:lib/web/providers/web_auth_provider.dart
DA:26,0
DA:30,0
DA:31,0
DA:34,0
DA:36,0
DA:40,0
DA:52,0
DA:55,0
DA:62,0
DA:64,0
DA:67,0
DA:69,0
DA:79,0
DA:80,0
DA:81,0
DA:82,0
DA:83,0
DA:85,0
DA:89,0
DA:96,0
DA:98,0
DA:99,0
DA:100,0
DA:101,0
DA:102,0
DA:103,0
DA:104,0
LF:27
LH:0
end_of_record
SF:lib/web/features/auth/screens/web_verification_screen.dart
DA:15,0
DA:16,0
DA:29,0
DA:31,0
DA:32,0
DA:33,0
DA:34,0
DA:36,0
DA:40,0
DA:41,0
DA:43,0
DA:44,0
DA:49,0
DA:50,0
DA:52,0
DA:53,0
DA:54,0
DA:55,0
DA:62,0
DA:63,0
DA:65,0
DA:72,0
DA:73,0
DA:74,0
DA:75,0
DA:76,0
DA:79,0
DA:82,0
DA:86,0
DA:88,0
DA:89,0
DA:93,0
DA:95,0
DA:97,0
DA:102,0
DA:103,0
DA:104,0
DA:105,0
DA:106,0
DA:107,0
DA:109,0
DA:110,0
DA:112,0
DA:113,0
DA:114,0
DA:117,0
DA:118,0
DA:119,0
DA:120,0
DA:121,0
DA:124,0
DA:132,0
DA:135,0
DA:136,0
DA:142,0
DA:144,0
DA:145,0
DA:151,0
DA:155,0
DA:156,0
DA:159,0
DA:164,0
DA:166,0
DA:167,0
DA:168,0
DA:171,0
DA:172,0
DA:173,0
DA:174,0
DA:175,0
DA:178,0
DA:186,0
DA:189,0
DA:190,0
DA:196,0
DA:198,0
DA:199,0
DA:205,0
DA:209,0
DA:210,0
DA:213,0
DA:218,0
DA:220,0
DA:221,0
DA:222,0
DA:225,0
DA:226,0
DA:227,0
DA:228,0
DA:229,0
DA:232,0
DA:240,0
DA:243,0
DA:244,0
DA:250,0
DA:252,0
DA:253,0
DA:259,0
DA:263,0
DA:264,0
DA:267,0
DA:272,0
DA:274,0
DA:275,0
DA:276,0
DA:279,0
DA:280,0
DA:281,0
DA:282,0
DA:283,0
DA:286,0
DA:294,0
DA:299,0
DA:300,0
DA:306,0
DA:308,0
DA:309,0
DA:315,0
DA:319,0
DA:320,0
DA:323,0
DA:328,0
DA:330,0
DA:331,0
DA:332,0
DA:335,0
DA:336,0
DA:337,0
DA:338,0
DA:339,0
DA:342,0
DA:350,0
DA:353,0
DA:354,0
DA:360,0
DA:362,0
DA:363,0
DA:369,0
DA:373,0
DA:374,0
DA:377,0
DA:382,0
DA:384,0
DA:385,0
DA:386,0
DA:389,0
DA:390,0
DA:391,0
DA:392,0
DA:393,0
DA:399,0
DA:407,0
DA:410,0
DA:411,0
DA:417,0
DA:419,0
DA:420,0
DA:426,0
DA:429,0
DA:430,0
DA:433,0
DA:444,0
DA:445,0
DA:447,0
DA:450,0
DA:457,0
DA:460,0
DA:462,0
DA:465,0
DA:466,0
DA:467,0
DA:468,0
DA:469,0
DA:470,0
DA:471,0
DA:473,0
DA:474,0
DA:479,0
DA:480,0
LF:179
LH:0
end_of_record
SF:lib/mobile/features/auth/screens/email_verified_screen.dart
DA:11,1
DA:12,0
DA:13,0
DA:18,0
DA:20,0
DA:21,0
DA:22,0
DA:23,0
DA:28,0
DA:30,0
DA:31,0
DA:32,0
DA:37,7
DA:39,1
DA:41,3
DA:42,3
DA:43,1
DA:44,1
DA:46,5
DA:50,1
DA:51,1
DA:52,1
DA:53,1
DA:54,1
DA:55,1
DA:57,1
DA:59,1
DA:60,1
DA:61,1
DA:62,1
DA:65,1
DA:70,1
DA:71,1
DA:73,1
DA:75,1
DA:78,1
DA:81,1
DA:82,1
DA:84,1
DA:86,1
DA:89,1
DA:92,1
DA:93,1
DA:95,1
DA:96,1
DA:97,1
DA:98,1
LF:47
LH:36
end_of_record
SF:lib/mobile/features/auth/widgets/text_field_otp.dart
DA:12,1
DA:21,1
DA:23,2
DA:24,3
DA:25,1
DA:28,1
DA:30,1
DA:31,1
DA:32,1
DA:34,0
DA:35,0
DA:36,0
DA:38,0
DA:39,0
DA:45,1
DA:48,1
DA:51,1
DA:53,1
DA:54,1
DA:56,1
DA:58,1
DA:59,1
DA:61,1
DA:66,1
DA:67,2
LF:25
LH:20
end_of_record
SF:lib/mobile/reusalbe_mobile_widgets/custom_button.dart
DA:10,4
DA:15,4
DA:17,4
DA:19,4
DA:20,4
DA:21,4
DA:23,4
DA:24,12
DA:25,16
DA:28,2
DA:29,4
DA:31,4
LF:12
LH:12
end_of_record
SF:lib/mobile/reusalbe_mobile_widgets/mobile_appbar.dart
DA:6,24
DA:8,5
DA:10,15
DA:11,5
DA:15,5
DA:16,5
DA:17,5
LF:7
LH:7
end_of_record
SF:lib/mobile/reusalbe_mobile_widgets/mobile_footer.dart
DA:7,24
DA:9,5
DA:11,15
DA:12,15
DA:13,5
DA:15,5
DA:17,5
DA:18,5
DA:19,5
DA:20,5
DA:21,5
DA:22,5
DA:24,5
DA:26,5
DA:27,5
DA:29,5
DA:30,5
DA:35,5
DA:37,5
DA:38,5
DA:46,5
DA:48,5
DA:49,5
DA:53,5
DA:54,5
LF:25
LH:25
end_of_record
SF:lib/mobile/features/auth/widgets/mobile_login_form.dart
DA:12,4
DA:25,4
DA:27,12
DA:28,12
DA:29,4
DA:30,4
DA:31,4
DA:32,4
DA:33,4
DA:34,4
DA:36,4
DA:37,4
DA:39,4
DA:42,4
DA:45,4
DA:46,4
DA:48,4
DA:49,4
DA:53,4
DA:54,4
DA:58,4
DA:59,4
DA:60,4
DA:62,4
DA:64,4
DA:65,4
DA:69,4
DA:70,4
DA:72,4
DA:75,1
DA:76,1
DA:77,1
DA:79,2
DA:80,1
DA:83,1
DA:87,0
DA:88,0
DA:90,4
DA:91,4
DA:93,4
DA:95,4
DA:96,4
DA:98,4
DA:101,4
DA:102,4
DA:105,4
DA:106,4
DA:108,4
DA:109,4
DA:113,4
DA:114,4
DA:118,4
DA:119,4
DA:120,4
DA:122,4
DA:124,4
DA:125,4
DA:126,4
DA:127,4
DA:128,4
DA:131,4
DA:133,4
DA:134,4
DA:139,4
DA:140,0
DA:141,1
DA:142,1
DA:143,1
DA:145,2
DA:146,1
DA:149,1
LF:71
LH:68
end_of_record
SF:lib/web/reusable_web_widgets/web_appbar.dart
DA:10,0
DA:16,0
DA:17,0
DA:24,0
DA:26,0
DA:29,0
DA:31,0
DA:45,0
DA:46,0
DA:48,0
DA:50,0
DA:52,0
DA:53,0
DA:55,0
DA:60,0
DA:62,0
DA:63,0
DA:64,0
DA:65,0
DA:67,0
DA:68,0
LF:21
LH:0
end_of_record
SF:lib/web/reusable_web_widgets/web_footer.dart
DA:8,28
DA:10,0
DA:12,0
DA:13,0
DA:14,0
DA:15,0
DA:16,0
DA:17,0
DA:18,0
DA:19,0
DA:20,0
DA:21,0
DA:22,0
DA:24,0
DA:26,0
DA:27,0
DA:33,0
DA:34,0
DA:36,0
DA:38,0
DA:41,0
DA:42,0
DA:43,0
DA:44,0
DA:46,0
DA:47,0
DA:48,0
DA:49,0
DA:52,0
DA:53,0
DA:54,0
DA:56,0
DA:58,0
DA:59,0
DA:61,0
DA:62,0
DA:64,0
DA:65,0
DA:72,0
DA:73,0
DA:74,0
DA:76,0
DA:78,0
DA:79,0
DA:81,0
DA:83,0
DA:84,0
DA:92,0
DA:93,0
DA:94,0
DA:95,0
DA:98,0
DA:99,0
DA:102,0
DA:103,0
DA:104,0
DA:105,0
DA:106,0
DA:109,0
DA:112,0
DA:114,0
DA:115,0
DA:117,0
DA:119,0
DA:120,0
DA:127,0
DA:128,0
DA:129,0
DA:132,0
DA:133,0
DA:134,0
DA:135,0
DA:137,0
DA:139,0
DA:143,0
DA:144,0
DA:146,0
DA:147,0
DA:148,0
DA:150,0
DA:152,0
LF:81
LH:1
end_of_record
